{
  error: TypeError: JwtStrategy requires a secret or key
      at new JwtStrategy (C:\appraisel1\node_modules\passport-jwt\lib\strategy.js:45:15)
      at Object.<anonymous> (C:\appraisel1\app.js:33:14)
      at Module._compile (node:internal/modules/cjs/loader:1101:14)
      at Object.Module._extensions..js (node:internal/modules/cjs/loader:1153:10)
      at Module.load (node:internal/modules/cjs/loader:981:32)
      at Function.Module._load (node:internal/modules/cjs/loader:822:12)
      at Function.executeUserEntryPoint [as runMain] (node:internal/modules/run_main:79:12)
      at node:internal/main/run_main_module:17:47,
  level: 'error',
  message: 'uncaughtException: JwtStrategy requires a secret or key\n' +
    'TypeError: JwtStrategy requires a secret or key\n' +
    '    at new JwtStrategy (C:\\appraisel1\\node_modules\\passport-jwt\\lib\\strategy.js:45:15)\n' +
    '    at Object.<anonymous> (C:\\appraisel1\\app.js:33:14)\n' +
    '    at Module._compile (node:internal/modules/cjs/loader:1101:14)\n' +
    '    at Object.Module._extensions..js (node:internal/modules/cjs/loader:1153:10)\n' +
    '    at Module.load (node:internal/modules/cjs/loader:981:32)\n' +
    '    at Function.Module._load (node:internal/modules/cjs/loader:822:12)\n' +
    '    at Function.executeUserEntryPoint [as runMain] (node:internal/modules/run_main:79:12)\n' +
    '    at node:internal/main/run_main_module:17:47',
  stack: 'TypeError: JwtStrategy requires a secret or key\n' +
    '    at new JwtStrategy (C:\\appraisel1\\node_modules\\passport-jwt\\lib\\strategy.js:45:15)\n' +
    '    at Object.<anonymous> (C:\\appraisel1\\app.js:33:14)\n' +
    '    at Module._compile (node:internal/modules/cjs/loader:1101:14)\n' +
    '    at Object.Module._extensions..js (node:internal/modules/cjs/loader:1153:10)\n' +
    '    at Module.load (node:internal/modules/cjs/loader:981:32)\n' +
    '    at Function.Module._load (node:internal/modules/cjs/loader:822:12)\n' +
    '    at Function.executeUserEntryPoint [as runMain] (node:internal/modules/run_main:79:12)\n' +
    '    at node:internal/main/run_main_module:17:47',
  exception: true,
  date: 'Tue Feb 28 2023 12:46:00 GMT+0530 (India Standard Time)',
  process: {
    pid: 12548,
    uid: null,
    gid: null,
    cwd: 'C:\\appraisel1',
    execPath: 'C:\\Program Files\\nodejs\\node.exe',
    version: 'v16.9.0',
    argv: [ 'C:\\Program Files\\nodejs\\node.exe', 'C:\\appraisel1\\app.js' ],
    memoryUsage: {
      rss: 56582144,
      heapTotal: 34091008,
      heapUsed: 23370624,
      external: 2379732,
      arrayBuffers: 1168806
    }
  },
  os: { loadavg: [ 0, 0, 0 ], uptime: 520926 },
  trace: [
    {
      column: 15,
      file: 'C:\\appraisel1\\node_modules\\passport-jwt\\lib\\strategy.js',
      function: 'new JwtStrategy',
      line: 45,
      method: null,
      native: false
    },
    {
      column: 14,
      file: 'C:\\appraisel1\\app.js',
      function: null,
      line: 33,
      method: null,
      native: false
    },
    {
      column: 14,
      file: 'node:internal/modules/cjs/loader',
      function: 'Module._compile',
      line: 1101,
      method: '_compile',
      native: false
    },
    {
      column: 10,
      file: 'node:internal/modules/cjs/loader',
      function: 'Module._extensions..js',
      line: 1153,
      method: '.js',
      native: false
    },
    {
      column: 32,
      file: 'node:internal/modules/cjs/loader',
      function: 'Module.load',
      line: 981,
      method: 'load',
      native: false
    },
    {
      column: 12,
      file: 'node:internal/modules/cjs/loader',
      function: 'Module._load',
      line: 822,
      method: '_load',
      native: false
    },
    {
      column: 12,
      file: 'node:internal/modules/run_main',
      function: 'Function.executeUserEntryPoint [as runMain]',
      line: 79,
      method: 'executeUserEntryPoint [as runMain]',
      native: false
    },
    {
      column: 47,
      file: 'node:internal/main/run_main_module',
      function: null,
      line: 17,
      method: null,
      native: false
    }
  ],
  label: undefined,
  timestamp: '2023-02-28T07:16:00.517Z'
}
{
  error: Error: Cannot find module '../models/chat.Model'
  Require stack:
  - C:\appraisel1\utils\socket.js
  - C:\appraisel1\app.js
      at Function.Module._resolveFilename (node:internal/modules/cjs/loader:933:15)
      at Function.Module._load (node:internal/modules/cjs/loader:778:27)
      at Module.require (node:internal/modules/cjs/loader:1005:19)
      at require (node:internal/modules/cjs/helpers:94:18)
      at Object.<anonymous> (C:\appraisel1\utils\socket.js:4:19)
      at Module._compile (node:internal/modules/cjs/loader:1101:14)
      at Object.Module._extensions..js (node:internal/modules/cjs/loader:1153:10)
      at Module.load (node:internal/modules/cjs/loader:981:32)
      at Function.Module._load (node:internal/modules/cjs/loader:822:12)
      at Module.require (node:internal/modules/cjs/loader:1005:19) {
    code: 'MODULE_NOT_FOUND',
    requireStack: [ 'C:\\appraisel1\\utils\\socket.js', 'C:\\appraisel1\\app.js' ]
  },
  level: 'error',
  message: "uncaughtException: Cannot find module '../models/chat.Model'\n" +
    'Require stack:\n' +
    '- C:\\appraisel1\\utils\\socket.js\n' +
    '- C:\\appraisel1\\app.js\n' +
    "Error: Cannot find module '../models/chat.Model'\n" +
    'Require stack:\n' +
    '- C:\\appraisel1\\utils\\socket.js\n' +
    '- C:\\appraisel1\\app.js\n' +
    '    at Function.Module._resolveFilename (node:internal/modules/cjs/loader:933:15)\n' +
    '    at Function.Module._load (node:internal/modules/cjs/loader:778:27)\n' +
    '    at Module.require (node:internal/modules/cjs/loader:1005:19)\n' +
    '    at require (node:internal/modules/cjs/helpers:94:18)\n' +
    '    at Object.<anonymous> (C:\\appraisel1\\utils\\socket.js:4:19)\n' +
    '    at Module._compile (node:internal/modules/cjs/loader:1101:14)\n' +
    '    at Object.Module._extensions..js (node:internal/modules/cjs/loader:1153:10)\n' +
    '    at Module.load (node:internal/modules/cjs/loader:981:32)\n' +
    '    at Function.Module._load (node:internal/modules/cjs/loader:822:12)\n' +
    '    at Module.require (node:internal/modules/cjs/loader:1005:19)',
  stack: "Error: Cannot find module '../models/chat.Model'\n" +
    'Require stack:\n' +
    '- C:\\appraisel1\\utils\\socket.js\n' +
    '- C:\\appraisel1\\app.js\n' +
    '    at Function.Module._resolveFilename (node:internal/modules/cjs/loader:933:15)\n' +
    '    at Function.Module._load (node:internal/modules/cjs/loader:778:27)\n' +
    '    at Module.require (node:internal/modules/cjs/loader:1005:19)\n' +
    '    at require (node:internal/modules/cjs/helpers:94:18)\n' +
    '    at Object.<anonymous> (C:\\appraisel1\\utils\\socket.js:4:19)\n' +
    '    at Module._compile (node:internal/modules/cjs/loader:1101:14)\n' +
    '    at Object.Module._extensions..js (node:internal/modules/cjs/loader:1153:10)\n' +
    '    at Module.load (node:internal/modules/cjs/loader:981:32)\n' +
    '    at Function.Module._load (node:internal/modules/cjs/loader:822:12)\n' +
    '    at Module.require (node:internal/modules/cjs/loader:1005:19)',
  exception: true,
  date: 'Tue Feb 28 2023 15:19:26 GMT+0530 (India Standard Time)',
  process: {
    pid: 4144,
    uid: null,
    gid: null,
    cwd: 'C:\\appraisel1',
    execPath: 'C:\\Program Files\\nodejs\\node.exe',
    version: 'v16.9.0',
    argv: [ 'C:\\Program Files\\nodejs\\node.exe', 'C:\\appraisel1\\app.js' ],
    memoryUsage: {
      rss: 42803200,
      heapTotal: 20340736,
      heapUsed: 14637832,
      external: 2229977,
      arrayBuffers: 419246
    }
  },
  os: { loadavg: [ 0, 0, 0 ], uptime: 530133 },
  trace: [
    {
      column: 15,
      file: 'node:internal/modules/cjs/loader',
      function: 'Module._resolveFilename',
      line: 933,
      method: '_resolveFilename',
      native: false
    },
    {
      column: 27,
      file: 'node:internal/modules/cjs/loader',
      function: 'Module._load',
      line: 778,
      method: '_load',
      native: false
    },
    {
      column: 19,
      file: 'node:internal/modules/cjs/loader',
      function: 'Module.require',
      line: 1005,
      method: 'require',
      native: false
    },
    {
      column: 18,
      file: 'node:internal/modules/cjs/helpers',
      function: 'require',
      line: 94,
      method: null,
      native: false
    },
    {
      column: 19,
      file: 'C:\\appraisel1\\utils\\socket.js',
      function: null,
      line: 4,
      method: null,
      native: false
    },
    {
      column: 14,
      file: 'node:internal/modules/cjs/loader',
      function: 'Module._compile',
      line: 1101,
      method: '_compile',
      native: false
    },
    {
      column: 10,
      file: 'node:internal/modules/cjs/loader',
      function: 'Module._extensions..js',
      line: 1153,
      method: '.js',
      native: false
    },
    {
      column: 32,
      file: 'node:internal/modules/cjs/loader',
      function: 'Module.load',
      line: 981,
      method: 'load',
      native: false
    },
    {
      column: 12,
      file: 'node:internal/modules/cjs/loader',
      function: 'Module._load',
      line: 822,
      method: '_load',
      native: false
    },
    {
      column: 19,
      file: 'node:internal/modules/cjs/loader',
      function: 'Module.require',
      line: 1005,
      method: 'require',
      native: false
    }
  ],
  label: undefined,
  timestamp: '2023-02-28T09:49:26.946Z'
}
