{
  error: TypeError: JwtStrategy requires a secret or key
      at new JwtStrategy (C:\appraisel1\node_modules\passport-jwt\lib\strategy.js:45:15)
      at Object.<anonymous> (C:\appraisel1\app.js:33:14)
      at Module._compile (node:internal/modules/cjs/loader:1101:14)
      at Object.Module._extensions..js (node:internal/modules/cjs/loader:1153:10)
      at Module.load (node:internal/modules/cjs/loader:981:32)
      at Function.Module._load (node:internal/modules/cjs/loader:822:12)
      at Function.executeUserEntryPoint [as runMain] (node:internal/modules/run_main:79:12)
      at node:internal/main/run_main_module:17:47,
  level: 'error',
  message: 'uncaughtException: JwtStrategy requires a secret or key\n' +
    'TypeError: JwtStrategy requires a secret or key\n' +
    '    at new JwtStrategy (C:\\appraisel1\\node_modules\\passport-jwt\\lib\\strategy.js:45:15)\n' +
    '    at Object.<anonymous> (C:\\appraisel1\\app.js:33:14)\n' +
    '    at Module._compile (node:internal/modules/cjs/loader:1101:14)\n' +
    '    at Object.Module._extensions..js (node:internal/modules/cjs/loader:1153:10)\n' +
    '    at Module.load (node:internal/modules/cjs/loader:981:32)\n' +
    '    at Function.Module._load (node:internal/modules/cjs/loader:822:12)\n' +
    '    at Function.executeUserEntryPoint [as runMain] (node:internal/modules/run_main:79:12)\n' +
    '    at node:internal/main/run_main_module:17:47',
  stack: 'TypeError: JwtStrategy requires a secret or key\n' +
    '    at new JwtStrategy (C:\\appraisel1\\node_modules\\passport-jwt\\lib\\strategy.js:45:15)\n' +
    '    at Object.<anonymous> (C:\\appraisel1\\app.js:33:14)\n' +
    '    at Module._compile (node:internal/modules/cjs/loader:1101:14)\n' +
    '    at Object.Module._extensions..js (node:internal/modules/cjs/loader:1153:10)\n' +
    '    at Module.load (node:internal/modules/cjs/loader:981:32)\n' +
    '    at Function.Module._load (node:internal/modules/cjs/loader:822:12)\n' +
    '    at Function.executeUserEntryPoint [as runMain] (node:internal/modules/run_main:79:12)\n' +
    '    at node:internal/main/run_main_module:17:47',
  exception: true,
  date: 'Tue Feb 28 2023 12:49:41 GMT+0530 (India Standard Time)',
  process: {
    pid: 2852,
    uid: null,
    gid: null,
    cwd: 'C:\\appraisel1',
    execPath: 'C:\\Program Files\\nodejs\\node.exe',
    version: 'v16.9.0',
    argv: [ 'C:\\Program Files\\nodejs\\node.exe', 'C:\\appraisel1\\app.js' ],
    memoryUsage: {
      rss: 56950784,
      heapTotal: 33566720,
      heapUsed: 23397872,
      external: 2379732,
      arrayBuffers: 1164121
    }
  },
  os: { loadavg: [ 0, 0, 0 ], uptime: 521147 },
  trace: [
    {
      column: 15,
      file: 'C:\\appraisel1\\node_modules\\passport-jwt\\lib\\strategy.js',
      function: 'new JwtStrategy',
      line: 45,
      method: null,
      native: false
    },
    {
      column: 14,
      file: 'C:\\appraisel1\\app.js',
      function: null,
      line: 33,
      method: null,
      native: false
    },
    {
      column: 14,
      file: 'node:internal/modules/cjs/loader',
      function: 'Module._compile',
      line: 1101,
      method: '_compile',
      native: false
    },
    {
      column: 10,
      file: 'node:internal/modules/cjs/loader',
      function: 'Module._extensions..js',
      line: 1153,
      method: '.js',
      native: false
    },
    {
      column: 32,
      file: 'node:internal/modules/cjs/loader',
      function: 'Module.load',
      line: 981,
      method: 'load',
      native: false
    },
    {
      column: 12,
      file: 'node:internal/modules/cjs/loader',
      function: 'Module._load',
      line: 822,
      method: '_load',
      native: false
    },
    {
      column: 12,
      file: 'node:internal/modules/run_main',
      function: 'Function.executeUserEntryPoint [as runMain]',
      line: 79,
      method: 'executeUserEntryPoint [as runMain]',
      native: false
    },
    {
      column: 47,
      file: 'node:internal/main/run_main_module',
      function: null,
      line: 17,
      method: null,
      native: false
    }
  ],
  label: 'appraiselapp',
  timestamp: '2023-02-28T07:19:41.362Z'
}
{
  error: TypeError: JwtStrategy requires a secret or key
      at new JwtStrategy (C:\appraisel1\node_modules\passport-jwt\lib\strategy.js:45:15)
      at Object.<anonymous> (C:\appraisel1\app.js:33:14)
      at Module._compile (node:internal/modules/cjs/loader:1101:14)
      at Object.Module._extensions..js (node:internal/modules/cjs/loader:1153:10)
      at Module.load (node:internal/modules/cjs/loader:981:32)
      at Function.Module._load (node:internal/modules/cjs/loader:822:12)
      at Function.executeUserEntryPoint [as runMain] (node:internal/modules/run_main:79:12)
      at node:internal/main/run_main_module:17:47,
  level: 'error',
  message: 'uncaughtException: JwtStrategy requires a secret or key\n' +
    'TypeError: JwtStrategy requires a secret or key\n' +
    '    at new JwtStrategy (C:\\appraisel1\\node_modules\\passport-jwt\\lib\\strategy.js:45:15)\n' +
    '    at Object.<anonymous> (C:\\appraisel1\\app.js:33:14)\n' +
    '    at Module._compile (node:internal/modules/cjs/loader:1101:14)\n' +
    '    at Object.Module._extensions..js (node:internal/modules/cjs/loader:1153:10)\n' +
    '    at Module.load (node:internal/modules/cjs/loader:981:32)\n' +
    '    at Function.Module._load (node:internal/modules/cjs/loader:822:12)\n' +
    '    at Function.executeUserEntryPoint [as runMain] (node:internal/modules/run_main:79:12)\n' +
    '    at node:internal/main/run_main_module:17:47',
  stack: 'TypeError: JwtStrategy requires a secret or key\n' +
    '    at new JwtStrategy (C:\\appraisel1\\node_modules\\passport-jwt\\lib\\strategy.js:45:15)\n' +
    '    at Object.<anonymous> (C:\\appraisel1\\app.js:33:14)\n' +
    '    at Module._compile (node:internal/modules/cjs/loader:1101:14)\n' +
    '    at Object.Module._extensions..js (node:internal/modules/cjs/loader:1153:10)\n' +
    '    at Module.load (node:internal/modules/cjs/loader:981:32)\n' +
    '    at Function.Module._load (node:internal/modules/cjs/loader:822:12)\n' +
    '    at Function.executeUserEntryPoint [as runMain] (node:internal/modules/run_main:79:12)\n' +
    '    at node:internal/main/run_main_module:17:47',
  exception: true,
  date: 'Tue Feb 28 2023 12:52:38 GMT+0530 (India Standard Time)',
  process: {
    pid: 10040,
    uid: null,
    gid: null,
    cwd: 'C:\\appraisel1',
    execPath: 'C:\\Program Files\\nodejs\\node.exe',
    version: 'v16.9.0',
    argv: [ 'C:\\Program Files\\nodejs\\node.exe', 'C:\\appraisel1\\app.js' ],
    memoryUsage: {
      rss: 56360960,
      heapTotal: 33566720,
      heapUsed: 23292592,
      external: 2379732,
      arrayBuffers: 1164121
    }
  },
  os: { loadavg: [ 0, 0, 0 ], uptime: 521325 },
  trace: [
    {
      column: 15,
      file: 'C:\\appraisel1\\node_modules\\passport-jwt\\lib\\strategy.js',
      function: 'new JwtStrategy',
      line: 45,
      method: null,
      native: false
    },
    {
      column: 14,
      file: 'C:\\appraisel1\\app.js',
      function: null,
      line: 33,
      method: null,
      native: false
    },
    {
      column: 14,
      file: 'node:internal/modules/cjs/loader',
      function: 'Module._compile',
      line: 1101,
      method: '_compile',
      native: false
    },
    {
      column: 10,
      file: 'node:internal/modules/cjs/loader',
      function: 'Module._extensions..js',
      line: 1153,
      method: '.js',
      native: false
    },
    {
      column: 32,
      file: 'node:internal/modules/cjs/loader',
      function: 'Module.load',
      line: 981,
      method: 'load',
      native: false
    },
    {
      column: 12,
      file: 'node:internal/modules/cjs/loader',
      function: 'Module._load',
      line: 822,
      method: '_load',
      native: false
    },
    {
      column: 12,
      file: 'node:internal/modules/run_main',
      function: 'Function.executeUserEntryPoint [as runMain]',
      line: 79,
      method: 'executeUserEntryPoint [as runMain]',
      native: false
    },
    {
      column: 47,
      file: 'node:internal/main/run_main_module',
      function: null,
      line: 17,
      method: null,
      native: false
    }
  ],
  label: 'appraiselapp',
  timestamp: '2023-02-28T07:22:38.988Z'
}
{
  error: Error: listen EADDRINUSE: address already in use :::8080
      at Server.setupListenHandle [as _listen2] (node:net:1319:16)
      at listenInCluster (node:net:1367:12)
      at Server.listen (node:net:1454:7)
      at Function.listen (C:\appraisel1\node_modules\express\lib\application.js:618:24)
      at Object.<anonymous> (C:\appraisel1\app.js:77:5)
      at Module._compile (node:internal/modules/cjs/loader:1101:14)
      at Object.Module._extensions..js (node:internal/modules/cjs/loader:1153:10)
      at Module.load (node:internal/modules/cjs/loader:981:32)
      at Function.Module._load (node:internal/modules/cjs/loader:822:12)
      at Function.executeUserEntryPoint [as runMain] (node:internal/modules/run_main:79:12) {
    code: 'EADDRINUSE',
    errno: -4091,
    syscall: 'listen',
    address: '::',
    port: 8080
  },
  level: 'error',
  message: 'uncaughtException: listen EADDRINUSE: address already in use :::8080\n' +
    'Error: listen EADDRINUSE: address already in use :::8080\n' +
    '    at Server.setupListenHandle [as _listen2] (node:net:1319:16)\n' +
    '    at listenInCluster (node:net:1367:12)\n' +
    '    at Server.listen (node:net:1454:7)\n' +
    '    at Function.listen (C:\\appraisel1\\node_modules\\express\\lib\\application.js:618:24)\n' +
    '    at Object.<anonymous> (C:\\appraisel1\\app.js:77:5)\n' +
    '    at Module._compile (node:internal/modules/cjs/loader:1101:14)\n' +
    '    at Object.Module._extensions..js (node:internal/modules/cjs/loader:1153:10)\n' +
    '    at Module.load (node:internal/modules/cjs/loader:981:32)\n' +
    '    at Function.Module._load (node:internal/modules/cjs/loader:822:12)\n' +
    '    at Function.executeUserEntryPoint [as runMain] (node:internal/modules/run_main:79:12)',
  stack: 'Error: listen EADDRINUSE: address already in use :::8080\n' +
    '    at Server.setupListenHandle [as _listen2] (node:net:1319:16)\n' +
    '    at listenInCluster (node:net:1367:12)\n' +
    '    at Server.listen (node:net:1454:7)\n' +
    '    at Function.listen (C:\\appraisel1\\node_modules\\express\\lib\\application.js:618:24)\n' +
    '    at Object.<anonymous> (C:\\appraisel1\\app.js:77:5)\n' +
    '    at Module._compile (node:internal/modules/cjs/loader:1101:14)\n' +
    '    at Object.Module._extensions..js (node:internal/modules/cjs/loader:1153:10)\n' +
    '    at Module.load (node:internal/modules/cjs/loader:981:32)\n' +
    '    at Function.Module._load (node:internal/modules/cjs/loader:822:12)\n' +
    '    at Function.executeUserEntryPoint [as runMain] (node:internal/modules/run_main:79:12)',
  exception: true,
  date: 'Tue Feb 28 2023 12:55:23 GMT+0530 (India Standard Time)',
  process: {
    pid: 9280,
    uid: null,
    gid: null,
    cwd: 'C:\\appraisel1',
    execPath: 'C:\\Program Files\\nodejs\\node.exe',
    version: 'v16.9.0',
    argv: [ 'C:\\Program Files\\nodejs\\node.exe', 'C:\\appraisel1\\app.js' ],
    memoryUsage: {
      rss: 59211776,
      heapTotal: 37498880,
      heapUsed: 19437176,
      external: 2753501,
      arrayBuffers: 397858
    }
  },
  os: { loadavg: [ 0, 0, 0 ], uptime: 521490 },
  trace: [
    {
      column: 16,
      file: 'node:net',
      function: 'Server.setupListenHandle [as _listen2]',
      line: 1319,
      method: 'setupListenHandle [as _listen2]',
      native: false
    },
    {
      column: 12,
      file: 'node:net',
      function: 'listenInCluster',
      line: 1367,
      method: null,
      native: false
    },
    {
      column: 7,
      file: 'node:net',
      function: 'Server.listen',
      line: 1454,
      method: 'listen',
      native: false
    },
    {
      column: 24,
      file: 'C:\\appraisel1\\node_modules\\express\\lib\\application.js',
      function: 'Function.listen',
      line: 618,
      method: 'listen',
      native: false
    },
    {
      column: 5,
      file: 'C:\\appraisel1\\app.js',
      function: null,
      line: 77,
      method: null,
      native: false
    },
    {
      column: 14,
      file: 'node:internal/modules/cjs/loader',
      function: 'Module._compile',
      line: 1101,
      method: '_compile',
      native: false
    },
    {
      column: 10,
      file: 'node:internal/modules/cjs/loader',
      function: 'Module._extensions..js',
      line: 1153,
      method: '.js',
      native: false
    },
    {
      column: 32,
      file: 'node:internal/modules/cjs/loader',
      function: 'Module.load',
      line: 981,
      method: 'load',
      native: false
    },
    {
      column: 12,
      file: 'node:internal/modules/cjs/loader',
      function: 'Module._load',
      line: 822,
      method: '_load',
      native: false
    },
    {
      column: 12,
      file: 'node:internal/modules/run_main',
      function: 'Function.executeUserEntryPoint [as runMain]',
      line: 79,
      method: 'executeUserEntryPoint [as runMain]',
      native: false
    }
  ],
  label: 'appraiselapp',
  timestamp: '2023-02-28T07:25:23.789Z'
}
{
  error: Error: listen EADDRINUSE: address already in use :::8080
      at Server.setupListenHandle [as _listen2] (node:net:1319:16)
      at listenInCluster (node:net:1367:12)
      at Server.listen (node:net:1454:7)
      at Function.listen (C:\appraisel\node_modules\express\lib\application.js:635:24)
      at Object.<anonymous> (C:\appraisel\app.js:26:5)
      at Module._compile (node:internal/modules/cjs/loader:1101:14)
      at Object.Module._extensions..js (node:internal/modules/cjs/loader:1153:10)
      at Module.load (node:internal/modules/cjs/loader:981:32)
      at Function.Module._load (node:internal/modules/cjs/loader:822:12)
      at Function.executeUserEntryPoint [as runMain] (node:internal/modules/run_main:79:12) {
    code: 'EADDRINUSE',
    errno: -4091,
    syscall: 'listen',
    address: '::',
    port: 8080
  },
  level: 'error',
  message: 'uncaughtException: listen EADDRINUSE: address already in use :::8080\n' +
    'Error: listen EADDRINUSE: address already in use :::8080\n' +
    '    at Server.setupListenHandle [as _listen2] (node:net:1319:16)\n' +
    '    at listenInCluster (node:net:1367:12)\n' +
    '    at Server.listen (node:net:1454:7)\n' +
    '    at Function.listen (C:\\appraisel\\node_modules\\express\\lib\\application.js:635:24)\n' +
    '    at Object.<anonymous> (C:\\appraisel\\app.js:26:5)\n' +
    '    at Module._compile (node:internal/modules/cjs/loader:1101:14)\n' +
    '    at Object.Module._extensions..js (node:internal/modules/cjs/loader:1153:10)\n' +
    '    at Module.load (node:internal/modules/cjs/loader:981:32)\n' +
    '    at Function.Module._load (node:internal/modules/cjs/loader:822:12)\n' +
    '    at Function.executeUserEntryPoint [as runMain] (node:internal/modules/run_main:79:12)',
  stack: 'Error: listen EADDRINUSE: address already in use :::8080\n' +
    '    at Server.setupListenHandle [as _listen2] (node:net:1319:16)\n' +
    '    at listenInCluster (node:net:1367:12)\n' +
    '    at Server.listen (node:net:1454:7)\n' +
    '    at Function.listen (C:\\appraisel\\node_modules\\express\\lib\\application.js:635:24)\n' +
    '    at Object.<anonymous> (C:\\appraisel\\app.js:26:5)\n' +
    '    at Module._compile (node:internal/modules/cjs/loader:1101:14)\n' +
    '    at Object.Module._extensions..js (node:internal/modules/cjs/loader:1153:10)\n' +
    '    at Module.load (node:internal/modules/cjs/loader:981:32)\n' +
    '    at Function.Module._load (node:internal/modules/cjs/loader:822:12)\n' +
    '    at Function.executeUserEntryPoint [as runMain] (node:internal/modules/run_main:79:12)',
  exception: true,
  date: 'Tue Feb 28 2023 15:31:48 GMT+0530 (India Standard Time)',
  process: {
    pid: 12944,
    uid: null,
    gid: null,
    cwd: 'C:\\appraisel',
    execPath: 'C:\\Program Files\\nodejs\\node.exe',
    version: 'v16.9.0',
    argv: [ 'C:\\Program Files\\nodejs\\node.exe', 'C:\\appraisel\\app.js' ],
    memoryUsage: {
      rss: 41291776,
      heapTotal: 19292160,
      heapUsed: 12436312,
      external: 2514382,
      arrayBuffers: 256576
    }
  },
  os: { loadavg: [ 0, 0, 0 ], uptime: 530874 },
  trace: [
    {
      column: 16,
      file: 'node:net',
      function: 'Server.setupListenHandle [as _listen2]',
      line: 1319,
      method: 'setupListenHandle [as _listen2]',
      native: false
    },
    {
      column: 12,
      file: 'node:net',
      function: 'listenInCluster',
      line: 1367,
      method: null,
      native: false
    },
    {
      column: 7,
      file: 'node:net',
      function: 'Server.listen',
      line: 1454,
      method: 'listen',
      native: false
    },
    {
      column: 24,
      file: 'C:\\appraisel\\node_modules\\express\\lib\\application.js',
      function: 'Function.listen',
      line: 635,
      method: 'listen',
      native: false
    },
    {
      column: 5,
      file: 'C:\\appraisel\\app.js',
      function: null,
      line: 26,
      method: null,
      native: false
    },
    {
      column: 14,
      file: 'node:internal/modules/cjs/loader',
      function: 'Module._compile',
      line: 1101,
      method: '_compile',
      native: false
    },
    {
      column: 10,
      file: 'node:internal/modules/cjs/loader',
      function: 'Module._extensions..js',
      line: 1153,
      method: '.js',
      native: false
    },
    {
      column: 32,
      file: 'node:internal/modules/cjs/loader',
      function: 'Module.load',
      line: 981,
      method: 'load',
      native: false
    },
    {
      column: 12,
      file: 'node:internal/modules/cjs/loader',
      function: 'Module._load',
      line: 822,
      method: '_load',
      native: false
    },
    {
      column: 12,
      file: 'node:internal/modules/run_main',
      function: 'Function.executeUserEntryPoint [as runMain]',
      line: 79,
      method: 'executeUserEntryPoint [as runMain]',
      native: false
    }
  ],
  label: 'appraiselapp',
  timestamp: '2023-02-28T10:01:48.489Z'
}
{
  error: Error: Route.post() requires a callback function but got a [object Undefined]
      at Route.<computed> [as post] (C:\appraisel\node_modules\express\lib\router\route.js:211:15)
      at Function.proto.<computed> [as post] (C:\appraisel\node_modules\express\lib\router\index.js:521:19)
      at Object.<anonymous> (C:\appraisel\routes\user.routes .js:26:8)
      at Module._compile (node:internal/modules/cjs/loader:1101:14)
      at Object.Module._extensions..js (node:internal/modules/cjs/loader:1153:10)
      at Module.load (node:internal/modules/cjs/loader:981:32)
      at Function.Module._load (node:internal/modules/cjs/loader:822:12)
      at Module.require (node:internal/modules/cjs/loader:1005:19)
      at require (node:internal/modules/cjs/helpers:94:18)
      at Object.<anonymous> (C:\appraisel\routes\index.routes.js:7:18),
  level: 'error',
  message: 'uncaughtException: Route.post() requires a callback function but got a [object Undefined]\n' +
    'Error: Route.post() requires a callback function but got a [object Undefined]\n' +
    '    at Route.<computed> [as post] (C:\\appraisel\\node_modules\\express\\lib\\router\\route.js:211:15)\n' +
    '    at Function.proto.<computed> [as post] (C:\\appraisel\\node_modules\\express\\lib\\router\\index.js:521:19)\n' +
    '    at Object.<anonymous> (C:\\appraisel\\routes\\user.routes .js:26:8)\n' +
    '    at Module._compile (node:internal/modules/cjs/loader:1101:14)\n' +
    '    at Object.Module._extensions..js (node:internal/modules/cjs/loader:1153:10)\n' +
    '    at Module.load (node:internal/modules/cjs/loader:981:32)\n' +
    '    at Function.Module._load (node:internal/modules/cjs/loader:822:12)\n' +
    '    at Module.require (node:internal/modules/cjs/loader:1005:19)\n' +
    '    at require (node:internal/modules/cjs/helpers:94:18)\n' +
    '    at Object.<anonymous> (C:\\appraisel\\routes\\index.routes.js:7:18)',
  stack: 'Error: Route.post() requires a callback function but got a [object Undefined]\n' +
    '    at Route.<computed> [as post] (C:\\appraisel\\node_modules\\express\\lib\\router\\route.js:211:15)\n' +
    '    at Function.proto.<computed> [as post] (C:\\appraisel\\node_modules\\express\\lib\\router\\index.js:521:19)\n' +
    '    at Object.<anonymous> (C:\\appraisel\\routes\\user.routes .js:26:8)\n' +
    '    at Module._compile (node:internal/modules/cjs/loader:1101:14)\n' +
    '    at Object.Module._extensions..js (node:internal/modules/cjs/loader:1153:10)\n' +
    '    at Module.load (node:internal/modules/cjs/loader:981:32)\n' +
    '    at Function.Module._load (node:internal/modules/cjs/loader:822:12)\n' +
    '    at Module.require (node:internal/modules/cjs/loader:1005:19)\n' +
    '    at require (node:internal/modules/cjs/helpers:94:18)\n' +
    '    at Object.<anonymous> (C:\\appraisel\\routes\\index.routes.js:7:18)',
  exception: true,
  date: 'Tue Feb 28 2023 16:16:47 GMT+0530 (India Standard Time)',
  process: {
    pid: 15048,
    uid: null,
    gid: null,
    cwd: 'C:\\appraisel',
    execPath: 'C:\\Program Files\\nodejs\\node.exe',
    version: 'v16.9.0',
    argv: [ 'C:\\Program Files\\nodejs\\node.exe', 'C:\\appraisel\\app.js' ],
    memoryUsage: {
      rss: 41168896,
      heapTotal: 19554304,
      heapUsed: 12168976,
      external: 2503173,
      arrayBuffers: 256576
    }
  },
  os: { loadavg: [ 0, 0, 0 ], uptime: 533574 },
  trace: [
    {
      column: 15,
      file: 'C:\\appraisel\\node_modules\\express\\lib\\router\\route.js',
      function: 'Route.<computed> [as post]',
      line: 211,
      method: '<computed> [as post]',
      native: false
    },
    {
      column: 19,
      file: 'C:\\appraisel\\node_modules\\express\\lib\\router\\index.js',
      function: 'Function.proto.<computed> [as post]',
      line: 521,
      method: '<computed> [as post]',
      native: false
    },
    {
      column: 8,
      file: 'C:\\appraisel\\routes\\user.routes .js',
      function: null,
      line: 26,
      method: null,
      native: false
    },
    {
      column: 14,
      file: 'node:internal/modules/cjs/loader',
      function: 'Module._compile',
      line: 1101,
      method: '_compile',
      native: false
    },
    {
      column: 10,
      file: 'node:internal/modules/cjs/loader',
      function: 'Module._extensions..js',
      line: 1153,
      method: '.js',
      native: false
    },
    {
      column: 32,
      file: 'node:internal/modules/cjs/loader',
      function: 'Module.load',
      line: 981,
      method: 'load',
      native: false
    },
    {
      column: 12,
      file: 'node:internal/modules/cjs/loader',
      function: 'Module._load',
      line: 822,
      method: '_load',
      native: false
    },
    {
      column: 19,
      file: 'node:internal/modules/cjs/loader',
      function: 'Module.require',
      line: 1005,
      method: 'require',
      native: false
    },
    {
      column: 18,
      file: 'node:internal/modules/cjs/helpers',
      function: 'require',
      line: 94,
      method: null,
      native: false
    },
    {
      column: 18,
      file: 'C:\\appraisel\\routes\\index.routes.js',
      function: null,
      line: 7,
      method: null,
      native: false
    }
  ],
  label: 'appraiselapp',
  timestamp: '2023-02-28T10:46:47.936Z'
}
{
  error: Error: Cannot find module 'cors'
  Require stack:
  - C:\appraisel\app.js
      at Function.Module._resolveFilename (node:internal/modules/cjs/loader:933:15)
      at Function.Module._load (node:internal/modules/cjs/loader:778:27)
      at Module.require (node:internal/modules/cjs/loader:1005:19)
      at require (node:internal/modules/cjs/helpers:94:18)
      at Object.<anonymous> (C:\appraisel\app.js:4:14)
      at Module._compile (node:internal/modules/cjs/loader:1101:14)
      at Object.Module._extensions..js (node:internal/modules/cjs/loader:1153:10)
      at Module.load (node:internal/modules/cjs/loader:981:32)
      at Function.Module._load (node:internal/modules/cjs/loader:822:12)
      at Function.executeUserEntryPoint [as runMain] (node:internal/modules/run_main:79:12) {
    code: 'MODULE_NOT_FOUND',
    requireStack: [ 'C:\\appraisel\\app.js' ]
  },
  level: 'error',
  message: "uncaughtException: Cannot find module 'cors'\n" +
    'Require stack:\n' +
    '- C:\\appraisel\\app.js\n' +
    "Error: Cannot find module 'cors'\n" +
    'Require stack:\n' +
    '- C:\\appraisel\\app.js\n' +
    '    at Function.Module._resolveFilename (node:internal/modules/cjs/loader:933:15)\n' +
    '    at Function.Module._load (node:internal/modules/cjs/loader:778:27)\n' +
    '    at Module.require (node:internal/modules/cjs/loader:1005:19)\n' +
    '    at require (node:internal/modules/cjs/helpers:94:18)\n' +
    '    at Object.<anonymous> (C:\\appraisel\\app.js:4:14)\n' +
    '    at Module._compile (node:internal/modules/cjs/loader:1101:14)\n' +
    '    at Object.Module._extensions..js (node:internal/modules/cjs/loader:1153:10)\n' +
    '    at Module.load (node:internal/modules/cjs/loader:981:32)\n' +
    '    at Function.Module._load (node:internal/modules/cjs/loader:822:12)\n' +
    '    at Function.executeUserEntryPoint [as runMain] (node:internal/modules/run_main:79:12)',
  stack: "Error: Cannot find module 'cors'\n" +
    'Require stack:\n' +
    '- C:\\appraisel\\app.js\n' +
    '    at Function.Module._resolveFilename (node:internal/modules/cjs/loader:933:15)\n' +
    '    at Function.Module._load (node:internal/modules/cjs/loader:778:27)\n' +
    '    at Module.require (node:internal/modules/cjs/loader:1005:19)\n' +
    '    at require (node:internal/modules/cjs/helpers:94:18)\n' +
    '    at Object.<anonymous> (C:\\appraisel\\app.js:4:14)\n' +
    '    at Module._compile (node:internal/modules/cjs/loader:1101:14)\n' +
    '    at Object.Module._extensions..js (node:internal/modules/cjs/loader:1153:10)\n' +
    '    at Module.load (node:internal/modules/cjs/loader:981:32)\n' +
    '    at Function.Module._load (node:internal/modules/cjs/loader:822:12)\n' +
    '    at Function.executeUserEntryPoint [as runMain] (node:internal/modules/run_main:79:12)',
  exception: true,
  date: 'Tue Feb 28 2023 17:11:56 GMT+0530 (India Standard Time)',
  process: {
    pid: 13812,
    uid: null,
    gid: null,
    cwd: 'C:\\appraisel',
    execPath: 'C:\\Program Files\\nodejs\\node.exe',
    version: 'v16.9.0',
    argv: [ 'C:\\Program Files\\nodejs\\node.exe', 'C:\\appraisel\\app.js' ],
    memoryUsage: {
      rss: 40906752,
      heapTotal: 19554304,
      heapUsed: 12147504,
      external: 2504174,
      arrayBuffers: 277868
    }
  },
  os: { loadavg: [ 0, 0, 0 ], uptime: 536883 },
  trace: [
    {
      column: 15,
      file: 'node:internal/modules/cjs/loader',
      function: 'Module._resolveFilename',
      line: 933,
      method: '_resolveFilename',
      native: false
    },
    {
      column: 27,
      file: 'node:internal/modules/cjs/loader',
      function: 'Module._load',
      line: 778,
      method: '_load',
      native: false
    },
    {
      column: 19,
      file: 'node:internal/modules/cjs/loader',
      function: 'Module.require',
      line: 1005,
      method: 'require',
      native: false
    },
    {
      column: 18,
      file: 'node:internal/modules/cjs/helpers',
      function: 'require',
      line: 94,
      method: null,
      native: false
    },
    {
      column: 14,
      file: 'C:\\appraisel\\app.js',
      function: null,
      line: 4,
      method: null,
      native: false
    },
    {
      column: 14,
      file: 'node:internal/modules/cjs/loader',
      function: 'Module._compile',
      line: 1101,
      method: '_compile',
      native: false
    },
    {
      column: 10,
      file: 'node:internal/modules/cjs/loader',
      function: 'Module._extensions..js',
      line: 1153,
      method: '.js',
      native: false
    },
    {
      column: 32,
      file: 'node:internal/modules/cjs/loader',
      function: 'Module.load',
      line: 981,
      method: 'load',
      native: false
    },
    {
      column: 12,
      file: 'node:internal/modules/cjs/loader',
      function: 'Module._load',
      line: 822,
      method: '_load',
      native: false
    },
    {
      column: 12,
      file: 'node:internal/modules/run_main',
      function: 'Function.executeUserEntryPoint [as runMain]',
      line: 79,
      method: 'executeUserEntryPoint [as runMain]',
      native: false
    }
  ],
  label: 'appraiselapp',
  timestamp: '2023-02-28T11:41:56.592Z'
}
{
  error: Error: Cannot find module 'cors'
  Require stack:
  - C:\appraisel\app.js
      at Function.Module._resolveFilename (node:internal/modules/cjs/loader:933:15)
      at Function.Module._load (node:internal/modules/cjs/loader:778:27)
      at Module.require (node:internal/modules/cjs/loader:1005:19)
      at require (node:internal/modules/cjs/helpers:94:18)
      at Object.<anonymous> (C:\appraisel\app.js:4:14)
      at Module._compile (node:internal/modules/cjs/loader:1101:14)
      at Object.Module._extensions..js (node:internal/modules/cjs/loader:1153:10)
      at Module.load (node:internal/modules/cjs/loader:981:32)
      at Function.Module._load (node:internal/modules/cjs/loader:822:12)
      at Function.executeUserEntryPoint [as runMain] (node:internal/modules/run_main:79:12) {
    code: 'MODULE_NOT_FOUND',
    requireStack: [ 'C:\\appraisel\\app.js' ]
  },
  level: 'error',
  message: "uncaughtException: Cannot find module 'cors'\n" +
    'Require stack:\n' +
    '- C:\\appraisel\\app.js\n' +
    "Error: Cannot find module 'cors'\n" +
    'Require stack:\n' +
    '- C:\\appraisel\\app.js\n' +
    '    at Function.Module._resolveFilename (node:internal/modules/cjs/loader:933:15)\n' +
    '    at Function.Module._load (node:internal/modules/cjs/loader:778:27)\n' +
    '    at Module.require (node:internal/modules/cjs/loader:1005:19)\n' +
    '    at require (node:internal/modules/cjs/helpers:94:18)\n' +
    '    at Object.<anonymous> (C:\\appraisel\\app.js:4:14)\n' +
    '    at Module._compile (node:internal/modules/cjs/loader:1101:14)\n' +
    '    at Object.Module._extensions..js (node:internal/modules/cjs/loader:1153:10)\n' +
    '    at Module.load (node:internal/modules/cjs/loader:981:32)\n' +
    '    at Function.Module._load (node:internal/modules/cjs/loader:822:12)\n' +
    '    at Function.executeUserEntryPoint [as runMain] (node:internal/modules/run_main:79:12)',
  stack: "Error: Cannot find module 'cors'\n" +
    'Require stack:\n' +
    '- C:\\appraisel\\app.js\n' +
    '    at Function.Module._resolveFilename (node:internal/modules/cjs/loader:933:15)\n' +
    '    at Function.Module._load (node:internal/modules/cjs/loader:778:27)\n' +
    '    at Module.require (node:internal/modules/cjs/loader:1005:19)\n' +
    '    at require (node:internal/modules/cjs/helpers:94:18)\n' +
    '    at Object.<anonymous> (C:\\appraisel\\app.js:4:14)\n' +
    '    at Module._compile (node:internal/modules/cjs/loader:1101:14)\n' +
    '    at Object.Module._extensions..js (node:internal/modules/cjs/loader:1153:10)\n' +
    '    at Module.load (node:internal/modules/cjs/loader:981:32)\n' +
    '    at Function.Module._load (node:internal/modules/cjs/loader:822:12)\n' +
    '    at Function.executeUserEntryPoint [as runMain] (node:internal/modules/run_main:79:12)',
  exception: true,
  date: 'Tue Feb 28 2023 17:12:21 GMT+0530 (India Standard Time)',
  process: {
    pid: 9332,
    uid: null,
    gid: null,
    cwd: 'C:\\appraisel',
    execPath: 'C:\\Program Files\\nodejs\\node.exe',
    version: 'v16.9.0',
    argv: [ 'C:\\Program Files\\nodejs\\node.exe', 'C:\\appraisel\\app.js' ],
    memoryUsage: {
      rss: 41058304,
      heapTotal: 19816448,
      heapUsed: 12358872,
      external: 2504174,
      arrayBuffers: 277868
    }
  },
  os: { loadavg: [ 0, 0, 0 ], uptime: 536907 },
  trace: [
    {
      column: 15,
      file: 'node:internal/modules/cjs/loader',
      function: 'Module._resolveFilename',
      line: 933,
      method: '_resolveFilename',
      native: false
    },
    {
      column: 27,
      file: 'node:internal/modules/cjs/loader',
      function: 'Module._load',
      line: 778,
      method: '_load',
      native: false
    },
    {
      column: 19,
      file: 'node:internal/modules/cjs/loader',
      function: 'Module.require',
      line: 1005,
      method: 'require',
      native: false
    },
    {
      column: 18,
      file: 'node:internal/modules/cjs/helpers',
      function: 'require',
      line: 94,
      method: null,
      native: false
    },
    {
      column: 14,
      file: 'C:\\appraisel\\app.js',
      function: null,
      line: 4,
      method: null,
      native: false
    },
    {
      column: 14,
      file: 'node:internal/modules/cjs/loader',
      function: 'Module._compile',
      line: 1101,
      method: '_compile',
      native: false
    },
    {
      column: 10,
      file: 'node:internal/modules/cjs/loader',
      function: 'Module._extensions..js',
      line: 1153,
      method: '.js',
      native: false
    },
    {
      column: 32,
      file: 'node:internal/modules/cjs/loader',
      function: 'Module.load',
      line: 981,
      method: 'load',
      native: false
    },
    {
      column: 12,
      file: 'node:internal/modules/cjs/loader',
      function: 'Module._load',
      line: 822,
      method: '_load',
      native: false
    },
    {
      column: 12,
      file: 'node:internal/modules/run_main',
      function: 'Function.executeUserEntryPoint [as runMain]',
      line: 79,
      method: 'executeUserEntryPoint [as runMain]',
      native: false
    }
  ],
  label: 'appraiselapp',
  timestamp: '2023-02-28T11:42:21.049Z'
}
{
  error: Error: Cannot find module 'cookie-parser'
  Require stack:
  - C:\appraisel\app.js
      at Function.Module._resolveFilename (node:internal/modules/cjs/loader:933:15)
      at Function.Module._load (node:internal/modules/cjs/loader:778:27)
      at Module.require (node:internal/modules/cjs/loader:1005:19)
      at require (node:internal/modules/cjs/helpers:94:18)
      at Object.<anonymous> (C:\appraisel\app.js:5:20)
      at Module._compile (node:internal/modules/cjs/loader:1101:14)
      at Object.Module._extensions..js (node:internal/modules/cjs/loader:1153:10)
      at Module.load (node:internal/modules/cjs/loader:981:32)
      at Function.Module._load (node:internal/modules/cjs/loader:822:12)
      at Function.executeUserEntryPoint [as runMain] (node:internal/modules/run_main:79:12) {
    code: 'MODULE_NOT_FOUND',
    requireStack: [ 'C:\\appraisel\\app.js' ]
  },
  level: 'error',
  message: "uncaughtException: Cannot find module 'cookie-parser'\n" +
    'Require stack:\n' +
    '- C:\\appraisel\\app.js\n' +
    "Error: Cannot find module 'cookie-parser'\n" +
    'Require stack:\n' +
    '- C:\\appraisel\\app.js\n' +
    '    at Function.Module._resolveFilename (node:internal/modules/cjs/loader:933:15)\n' +
    '    at Function.Module._load (node:internal/modules/cjs/loader:778:27)\n' +
    '    at Module.require (node:internal/modules/cjs/loader:1005:19)\n' +
    '    at require (node:internal/modules/cjs/helpers:94:18)\n' +
    '    at Object.<anonymous> (C:\\appraisel\\app.js:5:20)\n' +
    '    at Module._compile (node:internal/modules/cjs/loader:1101:14)\n' +
    '    at Object.Module._extensions..js (node:internal/modules/cjs/loader:1153:10)\n' +
    '    at Module.load (node:internal/modules/cjs/loader:981:32)\n' +
    '    at Function.Module._load (node:internal/modules/cjs/loader:822:12)\n' +
    '    at Function.executeUserEntryPoint [as runMain] (node:internal/modules/run_main:79:12)',
  stack: "Error: Cannot find module 'cookie-parser'\n" +
    'Require stack:\n' +
    '- C:\\appraisel\\app.js\n' +
    '    at Function.Module._resolveFilename (node:internal/modules/cjs/loader:933:15)\n' +
    '    at Function.Module._load (node:internal/modules/cjs/loader:778:27)\n' +
    '    at Module.require (node:internal/modules/cjs/loader:1005:19)\n' +
    '    at require (node:internal/modules/cjs/helpers:94:18)\n' +
    '    at Object.<anonymous> (C:\\appraisel\\app.js:5:20)\n' +
    '    at Module._compile (node:internal/modules/cjs/loader:1101:14)\n' +
    '    at Object.Module._extensions..js (node:internal/modules/cjs/loader:1153:10)\n' +
    '    at Module.load (node:internal/modules/cjs/loader:981:32)\n' +
    '    at Function.Module._load (node:internal/modules/cjs/loader:822:12)\n' +
    '    at Function.executeUserEntryPoint [as runMain] (node:internal/modules/run_main:79:12)',
  exception: true,
  date: 'Tue Feb 28 2023 17:44:16 GMT+0530 (India Standard Time)',
  process: {
    pid: 16036,
    uid: null,
    gid: null,
    cwd: 'C:\\appraisel',
    execPath: 'C:\\Program Files\\nodejs\\node.exe',
    version: 'v16.9.0',
    argv: [ 'C:\\Program Files\\nodejs\\node.exe', 'C:\\appraisel\\app.js' ],
    memoryUsage: {
      rss: 41254912,
      heapTotal: 19554304,
      heapUsed: 12290904,
      external: 2504174,
      arrayBuffers: 277868
    }
  },
  os: { loadavg: [ 0, 0, 0 ], uptime: 538822 },
  trace: [
    {
      column: 15,
      file: 'node:internal/modules/cjs/loader',
      function: 'Module._resolveFilename',
      line: 933,
      method: '_resolveFilename',
      native: false
    },
    {
      column: 27,
      file: 'node:internal/modules/cjs/loader',
      function: 'Module._load',
      line: 778,
      method: '_load',
      native: false
    },
    {
      column: 19,
      file: 'node:internal/modules/cjs/loader',
      function: 'Module.require',
      line: 1005,
      method: 'require',
      native: false
    },
    {
      column: 18,
      file: 'node:internal/modules/cjs/helpers',
      function: 'require',
      line: 94,
      method: null,
      native: false
    },
    {
      column: 20,
      file: 'C:\\appraisel\\app.js',
      function: null,
      line: 5,
      method: null,
      native: false
    },
    {
      column: 14,
      file: 'node:internal/modules/cjs/loader',
      function: 'Module._compile',
      line: 1101,
      method: '_compile',
      native: false
    },
    {
      column: 10,
      file: 'node:internal/modules/cjs/loader',
      function: 'Module._extensions..js',
      line: 1153,
      method: '.js',
      native: false
    },
    {
      column: 32,
      file: 'node:internal/modules/cjs/loader',
      function: 'Module.load',
      line: 981,
      method: 'load',
      native: false
    },
    {
      column: 12,
      file: 'node:internal/modules/cjs/loader',
      function: 'Module._load',
      line: 822,
      method: '_load',
      native: false
    },
    {
      column: 12,
      file: 'node:internal/modules/run_main',
      function: 'Function.executeUserEntryPoint [as runMain]',
      line: 79,
      method: 'executeUserEntryPoint [as runMain]',
      native: false
    }
  ],
  label: 'appraiselapp',
  timestamp: '2023-02-28T12:14:16.081Z'
}
{
  error: Error: Cannot find module 'passport'
  Require stack:
  - C:\appraisel\app.js
      at Function.Module._resolveFilename (node:internal/modules/cjs/loader:933:15)
      at Function.Module._load (node:internal/modules/cjs/loader:778:27)
      at Module.require (node:internal/modules/cjs/loader:1005:19)
      at require (node:internal/modules/cjs/helpers:94:18)
      at Object.<anonymous> (C:\appraisel\app.js:6:18)
      at Module._compile (node:internal/modules/cjs/loader:1101:14)
      at Object.Module._extensions..js (node:internal/modules/cjs/loader:1153:10)
      at Module.load (node:internal/modules/cjs/loader:981:32)
      at Function.Module._load (node:internal/modules/cjs/loader:822:12)
      at Function.executeUserEntryPoint [as runMain] (node:internal/modules/run_main:79:12) {
    code: 'MODULE_NOT_FOUND',
    requireStack: [ 'C:\\appraisel\\app.js' ]
  },
  level: 'error',
  message: "uncaughtException: Cannot find module 'passport'\n" +
    'Require stack:\n' +
    '- C:\\appraisel\\app.js\n' +
    "Error: Cannot find module 'passport'\n" +
    'Require stack:\n' +
    '- C:\\appraisel\\app.js\n' +
    '    at Function.Module._resolveFilename (node:internal/modules/cjs/loader:933:15)\n' +
    '    at Function.Module._load (node:internal/modules/cjs/loader:778:27)\n' +
    '    at Module.require (node:internal/modules/cjs/loader:1005:19)\n' +
    '    at require (node:internal/modules/cjs/helpers:94:18)\n' +
    '    at Object.<anonymous> (C:\\appraisel\\app.js:6:18)\n' +
    '    at Module._compile (node:internal/modules/cjs/loader:1101:14)\n' +
    '    at Object.Module._extensions..js (node:internal/modules/cjs/loader:1153:10)\n' +
    '    at Module.load (node:internal/modules/cjs/loader:981:32)\n' +
    '    at Function.Module._load (node:internal/modules/cjs/loader:822:12)\n' +
    '    at Function.executeUserEntryPoint [as runMain] (node:internal/modules/run_main:79:12)',
  stack: "Error: Cannot find module 'passport'\n" +
    'Require stack:\n' +
    '- C:\\appraisel\\app.js\n' +
    '    at Function.Module._resolveFilename (node:internal/modules/cjs/loader:933:15)\n' +
    '    at Function.Module._load (node:internal/modules/cjs/loader:778:27)\n' +
    '    at Module.require (node:internal/modules/cjs/loader:1005:19)\n' +
    '    at require (node:internal/modules/cjs/helpers:94:18)\n' +
    '    at Object.<anonymous> (C:\\appraisel\\app.js:6:18)\n' +
    '    at Module._compile (node:internal/modules/cjs/loader:1101:14)\n' +
    '    at Object.Module._extensions..js (node:internal/modules/cjs/loader:1153:10)\n' +
    '    at Module.load (node:internal/modules/cjs/loader:981:32)\n' +
    '    at Function.Module._load (node:internal/modules/cjs/loader:822:12)\n' +
    '    at Function.executeUserEntryPoint [as runMain] (node:internal/modules/run_main:79:12)',
  exception: true,
  date: 'Tue Feb 28 2023 17:45:47 GMT+0530 (India Standard Time)',
  process: {
    pid: 8532,
    uid: null,
    gid: null,
    cwd: 'C:\\appraisel',
    execPath: 'C:\\Program Files\\nodejs\\node.exe',
    version: 'v16.9.0',
    argv: [ 'C:\\Program Files\\nodejs\\node.exe', 'C:\\appraisel\\app.js' ],
    memoryUsage: {
      rss: 40820736,
      heapTotal: 19292160,
      heapUsed: 12259968,
      external: 2504174,
      arrayBuffers: 277868
    }
  },
  os: { loadavg: [ 0, 0, 0 ], uptime: 538914 },
  trace: [
    {
      column: 15,
      file: 'node:internal/modules/cjs/loader',
      function: 'Module._resolveFilename',
      line: 933,
      method: '_resolveFilename',
      native: false
    },
    {
      column: 27,
      file: 'node:internal/modules/cjs/loader',
      function: 'Module._load',
      line: 778,
      method: '_load',
      native: false
    },
    {
      column: 19,
      file: 'node:internal/modules/cjs/loader',
      function: 'Module.require',
      line: 1005,
      method: 'require',
      native: false
    },
    {
      column: 18,
      file: 'node:internal/modules/cjs/helpers',
      function: 'require',
      line: 94,
      method: null,
      native: false
    },
    {
      column: 18,
      file: 'C:\\appraisel\\app.js',
      function: null,
      line: 6,
      method: null,
      native: false
    },
    {
      column: 14,
      file: 'node:internal/modules/cjs/loader',
      function: 'Module._compile',
      line: 1101,
      method: '_compile',
      native: false
    },
    {
      column: 10,
      file: 'node:internal/modules/cjs/loader',
      function: 'Module._extensions..js',
      line: 1153,
      method: '.js',
      native: false
    },
    {
      column: 32,
      file: 'node:internal/modules/cjs/loader',
      function: 'Module.load',
      line: 981,
      method: 'load',
      native: false
    },
    {
      column: 12,
      file: 'node:internal/modules/cjs/loader',
      function: 'Module._load',
      line: 822,
      method: '_load',
      native: false
    },
    {
      column: 12,
      file: 'node:internal/modules/run_main',
      function: 'Function.executeUserEntryPoint [as runMain]',
      line: 79,
      method: 'executeUserEntryPoint [as runMain]',
      native: false
    }
  ],
  label: 'appraiselapp',
  timestamp: '2023-02-28T12:15:47.924Z'
}
{
  error: Error: Cannot find module 'jsonwebtoken'
  Require stack:
  - C:\appraisel\utils\socket.js
  - C:\appraisel\app.js
      at Function.Module._resolveFilename (node:internal/modules/cjs/loader:933:15)
      at Function.Module._load (node:internal/modules/cjs/loader:778:27)
      at Module.require (node:internal/modules/cjs/loader:1005:19)
      at require (node:internal/modules/cjs/helpers:94:18)
      at Object.<anonymous> (C:\appraisel\utils\socket.js:2:11)
      at Module._compile (node:internal/modules/cjs/loader:1101:14)
      at Object.Module._extensions..js (node:internal/modules/cjs/loader:1153:10)
      at Module.load (node:internal/modules/cjs/loader:981:32)
      at Function.Module._load (node:internal/modules/cjs/loader:822:12)
      at Module.require (node:internal/modules/cjs/loader:1005:19) {
    code: 'MODULE_NOT_FOUND',
    requireStack: [ 'C:\\appraisel\\utils\\socket.js', 'C:\\appraisel\\app.js' ]
  },
  level: 'error',
  message: "uncaughtException: Cannot find module 'jsonwebtoken'\n" +
    'Require stack:\n' +
    '- C:\\appraisel\\utils\\socket.js\n' +
    '- C:\\appraisel\\app.js\n' +
    "Error: Cannot find module 'jsonwebtoken'\n" +
    'Require stack:\n' +
    '- C:\\appraisel\\utils\\socket.js\n' +
    '- C:\\appraisel\\app.js\n' +
    '    at Function.Module._resolveFilename (node:internal/modules/cjs/loader:933:15)\n' +
    '    at Function.Module._load (node:internal/modules/cjs/loader:778:27)\n' +
    '    at Module.require (node:internal/modules/cjs/loader:1005:19)\n' +
    '    at require (node:internal/modules/cjs/helpers:94:18)\n' +
    '    at Object.<anonymous> (C:\\appraisel\\utils\\socket.js:2:11)\n' +
    '    at Module._compile (node:internal/modules/cjs/loader:1101:14)\n' +
    '    at Object.Module._extensions..js (node:internal/modules/cjs/loader:1153:10)\n' +
    '    at Module.load (node:internal/modules/cjs/loader:981:32)\n' +
    '    at Function.Module._load (node:internal/modules/cjs/loader:822:12)\n' +
    '    at Module.require (node:internal/modules/cjs/loader:1005:19)',
  stack: "Error: Cannot find module 'jsonwebtoken'\n" +
    'Require stack:\n' +
    '- C:\\appraisel\\utils\\socket.js\n' +
    '- C:\\appraisel\\app.js\n' +
    '    at Function.Module._resolveFilename (node:internal/modules/cjs/loader:933:15)\n' +
    '    at Function.Module._load (node:internal/modules/cjs/loader:778:27)\n' +
    '    at Module.require (node:internal/modules/cjs/loader:1005:19)\n' +
    '    at require (node:internal/modules/cjs/helpers:94:18)\n' +
    '    at Object.<anonymous> (C:\\appraisel\\utils\\socket.js:2:11)\n' +
    '    at Module._compile (node:internal/modules/cjs/loader:1101:14)\n' +
    '    at Object.Module._extensions..js (node:internal/modules/cjs/loader:1153:10)\n' +
    '    at Module.load (node:internal/modules/cjs/loader:981:32)\n' +
    '    at Function.Module._load (node:internal/modules/cjs/loader:822:12)\n' +
    '    at Module.require (node:internal/modules/cjs/loader:1005:19)',
  exception: true,
  date: 'Tue Feb 28 2023 17:46:30 GMT+0530 (India Standard Time)',
  process: {
    pid: 10932,
    uid: null,
    gid: null,
    cwd: 'C:\\appraisel',
    execPath: 'C:\\Program Files\\nodejs\\node.exe',
    version: 'v16.9.0',
    argv: [ 'C:\\Program Files\\nodejs\\node.exe', 'C:\\appraisel\\app.js' ],
    memoryUsage: {
      rss: 40947712,
      heapTotal: 19030016,
      heapUsed: 12363488,
      external: 2512366,
      arrayBuffers: 286060
    }
  },
  os: { loadavg: [ 0, 0, 0 ], uptime: 538957 },
  trace: [
    {
      column: 15,
      file: 'node:internal/modules/cjs/loader',
      function: 'Module._resolveFilename',
      line: 933,
      method: '_resolveFilename',
      native: false
    },
    {
      column: 27,
      file: 'node:internal/modules/cjs/loader',
      function: 'Module._load',
      line: 778,
      method: '_load',
      native: false
    },
    {
      column: 19,
      file: 'node:internal/modules/cjs/loader',
      function: 'Module.require',
      line: 1005,
      method: 'require',
      native: false
    },
    {
      column: 18,
      file: 'node:internal/modules/cjs/helpers',
      function: 'require',
      line: 94,
      method: null,
      native: false
    },
    {
      column: 11,
      file: 'C:\\appraisel\\utils\\socket.js',
      function: null,
      line: 2,
      method: null,
      native: false
    },
    {
      column: 14,
      file: 'node:internal/modules/cjs/loader',
      function: 'Module._compile',
      line: 1101,
      method: '_compile',
      native: false
    },
    {
      column: 10,
      file: 'node:internal/modules/cjs/loader',
      function: 'Module._extensions..js',
      line: 1153,
      method: '.js',
      native: false
    },
    {
      column: 32,
      file: 'node:internal/modules/cjs/loader',
      function: 'Module.load',
      line: 981,
      method: 'load',
      native: false
    },
    {
      column: 12,
      file: 'node:internal/modules/cjs/loader',
      function: 'Module._load',
      line: 822,
      method: '_load',
      native: false
    },
    {
      column: 19,
      file: 'node:internal/modules/cjs/loader',
      function: 'Module.require',
      line: 1005,
      method: 'require',
      native: false
    }
  ],
  label: 'appraiselapp',
  timestamp: '2023-02-28T12:16:30.646Z'
}
{
  error: Error: Cannot find module 'jsonwebtoken'
  Require stack:
  - C:\appraisel\utils\socket.js
  - C:\appraisel\app.js
      at Function.Module._resolveFilename (node:internal/modules/cjs/loader:933:15)
      at Function.Module._load (node:internal/modules/cjs/loader:778:27)
      at Module.require (node:internal/modules/cjs/loader:1005:19)
      at require (node:internal/modules/cjs/helpers:94:18)
      at Object.<anonymous> (C:\appraisel\utils\socket.js:2:11)
      at Module._compile (node:internal/modules/cjs/loader:1101:14)
      at Object.Module._extensions..js (node:internal/modules/cjs/loader:1153:10)
      at Module.load (node:internal/modules/cjs/loader:981:32)
      at Function.Module._load (node:internal/modules/cjs/loader:822:12)
      at Module.require (node:internal/modules/cjs/loader:1005:19) {
    code: 'MODULE_NOT_FOUND',
    requireStack: [ 'C:\\appraisel\\utils\\socket.js', 'C:\\appraisel\\app.js' ]
  },
  level: 'error',
  message: "uncaughtException: Cannot find module 'jsonwebtoken'\n" +
    'Require stack:\n' +
    '- C:\\appraisel\\utils\\socket.js\n' +
    '- C:\\appraisel\\app.js\n' +
    "Error: Cannot find module 'jsonwebtoken'\n" +
    'Require stack:\n' +
    '- C:\\appraisel\\utils\\socket.js\n' +
    '- C:\\appraisel\\app.js\n' +
    '    at Function.Module._resolveFilename (node:internal/modules/cjs/loader:933:15)\n' +
    '    at Function.Module._load (node:internal/modules/cjs/loader:778:27)\n' +
    '    at Module.require (node:internal/modules/cjs/loader:1005:19)\n' +
    '    at require (node:internal/modules/cjs/helpers:94:18)\n' +
    '    at Object.<anonymous> (C:\\appraisel\\utils\\socket.js:2:11)\n' +
    '    at Module._compile (node:internal/modules/cjs/loader:1101:14)\n' +
    '    at Object.Module._extensions..js (node:internal/modules/cjs/loader:1153:10)\n' +
    '    at Module.load (node:internal/modules/cjs/loader:981:32)\n' +
    '    at Function.Module._load (node:internal/modules/cjs/loader:822:12)\n' +
    '    at Module.require (node:internal/modules/cjs/loader:1005:19)',
  stack: "Error: Cannot find module 'jsonwebtoken'\n" +
    'Require stack:\n' +
    '- C:\\appraisel\\utils\\socket.js\n' +
    '- C:\\appraisel\\app.js\n' +
    '    at Function.Module._resolveFilename (node:internal/modules/cjs/loader:933:15)\n' +
    '    at Function.Module._load (node:internal/modules/cjs/loader:778:27)\n' +
    '    at Module.require (node:internal/modules/cjs/loader:1005:19)\n' +
    '    at require (node:internal/modules/cjs/helpers:94:18)\n' +
    '    at Object.<anonymous> (C:\\appraisel\\utils\\socket.js:2:11)\n' +
    '    at Module._compile (node:internal/modules/cjs/loader:1101:14)\n' +
    '    at Object.Module._extensions..js (node:internal/modules/cjs/loader:1153:10)\n' +
    '    at Module.load (node:internal/modules/cjs/loader:981:32)\n' +
    '    at Function.Module._load (node:internal/modules/cjs/loader:822:12)\n' +
    '    at Module.require (node:internal/modules/cjs/loader:1005:19)',
  exception: true,
  date: 'Tue Feb 28 2023 17:46:43 GMT+0530 (India Standard Time)',
  process: {
    pid: 5180,
    uid: null,
    gid: null,
    cwd: 'C:\\appraisel',
    execPath: 'C:\\Program Files\\nodejs\\node.exe',
    version: 'v16.9.0',
    argv: [ 'C:\\Program Files\\nodejs\\node.exe', 'C:\\appraisel\\app.js' ],
    memoryUsage: {
      rss: 41140224,
      heapTotal: 19292160,
      heapUsed: 12212440,
      external: 2512366,
      arrayBuffers: 264768
    }
  },
  os: { loadavg: [ 0, 0, 0 ], uptime: 538970 },
  trace: [
    {
      column: 15,
      file: 'node:internal/modules/cjs/loader',
      function: 'Module._resolveFilename',
      line: 933,
      method: '_resolveFilename',
      native: false
    },
    {
      column: 27,
      file: 'node:internal/modules/cjs/loader',
      function: 'Module._load',
      line: 778,
      method: '_load',
      native: false
    },
    {
      column: 19,
      file: 'node:internal/modules/cjs/loader',
      function: 'Module.require',
      line: 1005,
      method: 'require',
      native: false
    },
    {
      column: 18,
      file: 'node:internal/modules/cjs/helpers',
      function: 'require',
      line: 94,
      method: null,
      native: false
    },
    {
      column: 11,
      file: 'C:\\appraisel\\utils\\socket.js',
      function: null,
      line: 2,
      method: null,
      native: false
    },
    {
      column: 14,
      file: 'node:internal/modules/cjs/loader',
      function: 'Module._compile',
      line: 1101,
      method: '_compile',
      native: false
    },
    {
      column: 10,
      file: 'node:internal/modules/cjs/loader',
      function: 'Module._extensions..js',
      line: 1153,
      method: '.js',
      native: false
    },
    {
      column: 32,
      file: 'node:internal/modules/cjs/loader',
      function: 'Module.load',
      line: 981,
      method: 'load',
      native: false
    },
    {
      column: 12,
      file: 'node:internal/modules/cjs/loader',
      function: 'Module._load',
      line: 822,
      method: '_load',
      native: false
    },
    {
      column: 19,
      file: 'node:internal/modules/cjs/loader',
      function: 'Module.require',
      line: 1005,
      method: 'require',
      native: false
    }
  ],
  label: 'appraiselapp',
  timestamp: '2023-02-28T12:16:43.724Z'
}
{
  error: Error: Cannot find module 'jsonwebtoken'
  Require stack:
  - C:\appraisel\utils\socket.js
  - C:\appraisel\app.js
      at Function.Module._resolveFilename (node:internal/modules/cjs/loader:933:15)
      at Function.Module._load (node:internal/modules/cjs/loader:778:27)
      at Module.require (node:internal/modules/cjs/loader:1005:19)
      at require (node:internal/modules/cjs/helpers:94:18)
      at Object.<anonymous> (C:\appraisel\utils\socket.js:2:11)
      at Module._compile (node:internal/modules/cjs/loader:1101:14)
      at Object.Module._extensions..js (node:internal/modules/cjs/loader:1153:10)
      at Module.load (node:internal/modules/cjs/loader:981:32)
      at Function.Module._load (node:internal/modules/cjs/loader:822:12)
      at Module.require (node:internal/modules/cjs/loader:1005:19) {
    code: 'MODULE_NOT_FOUND',
    requireStack: [ 'C:\\appraisel\\utils\\socket.js', 'C:\\appraisel\\app.js' ]
  },
  level: 'error',
  message: "uncaughtException: Cannot find module 'jsonwebtoken'\n" +
    'Require stack:\n' +
    '- C:\\appraisel\\utils\\socket.js\n' +
    '- C:\\appraisel\\app.js\n' +
    "Error: Cannot find module 'jsonwebtoken'\n" +
    'Require stack:\n' +
    '- C:\\appraisel\\utils\\socket.js\n' +
    '- C:\\appraisel\\app.js\n' +
    '    at Function.Module._resolveFilename (node:internal/modules/cjs/loader:933:15)\n' +
    '    at Function.Module._load (node:internal/modules/cjs/loader:778:27)\n' +
    '    at Module.require (node:internal/modules/cjs/loader:1005:19)\n' +
    '    at require (node:internal/modules/cjs/helpers:94:18)\n' +
    '    at Object.<anonymous> (C:\\appraisel\\utils\\socket.js:2:11)\n' +
    '    at Module._compile (node:internal/modules/cjs/loader:1101:14)\n' +
    '    at Object.Module._extensions..js (node:internal/modules/cjs/loader:1153:10)\n' +
    '    at Module.load (node:internal/modules/cjs/loader:981:32)\n' +
    '    at Function.Module._load (node:internal/modules/cjs/loader:822:12)\n' +
    '    at Module.require (node:internal/modules/cjs/loader:1005:19)',
  stack: "Error: Cannot find module 'jsonwebtoken'\n" +
    'Require stack:\n' +
    '- C:\\appraisel\\utils\\socket.js\n' +
    '- C:\\appraisel\\app.js\n' +
    '    at Function.Module._resolveFilename (node:internal/modules/cjs/loader:933:15)\n' +
    '    at Function.Module._load (node:internal/modules/cjs/loader:778:27)\n' +
    '    at Module.require (node:internal/modules/cjs/loader:1005:19)\n' +
    '    at require (node:internal/modules/cjs/helpers:94:18)\n' +
    '    at Object.<anonymous> (C:\\appraisel\\utils\\socket.js:2:11)\n' +
    '    at Module._compile (node:internal/modules/cjs/loader:1101:14)\n' +
    '    at Object.Module._extensions..js (node:internal/modules/cjs/loader:1153:10)\n' +
    '    at Module.load (node:internal/modules/cjs/loader:981:32)\n' +
    '    at Function.Module._load (node:internal/modules/cjs/loader:822:12)\n' +
    '    at Module.require (node:internal/modules/cjs/loader:1005:19)',
  exception: true,
  date: 'Tue Feb 28 2023 17:47:04 GMT+0530 (India Standard Time)',
  process: {
    pid: 4772,
    uid: null,
    gid: null,
    cwd: 'C:\\appraisel',
    execPath: 'C:\\Program Files\\nodejs\\node.exe',
    version: 'v16.9.0',
    argv: [ 'C:\\Program Files\\nodejs\\node.exe', 'C:\\appraisel\\app.js' ],
    memoryUsage: {
      rss: 41050112,
      heapTotal: 19554304,
      heapUsed: 12391544,
      external: 2512366,
      arrayBuffers: 286060
    }
  },
  os: { loadavg: [ 0, 0, 0 ], uptime: 538991 },
  trace: [
    {
      column: 15,
      file: 'node:internal/modules/cjs/loader',
      function: 'Module._resolveFilename',
      line: 933,
      method: '_resolveFilename',
      native: false
    },
    {
      column: 27,
      file: 'node:internal/modules/cjs/loader',
      function: 'Module._load',
      line: 778,
      method: '_load',
      native: false
    },
    {
      column: 19,
      file: 'node:internal/modules/cjs/loader',
      function: 'Module.require',
      line: 1005,
      method: 'require',
      native: false
    },
    {
      column: 18,
      file: 'node:internal/modules/cjs/helpers',
      function: 'require',
      line: 94,
      method: null,
      native: false
    },
    {
      column: 11,
      file: 'C:\\appraisel\\utils\\socket.js',
      function: null,
      line: 2,
      method: null,
      native: false
    },
    {
      column: 14,
      file: 'node:internal/modules/cjs/loader',
      function: 'Module._compile',
      line: 1101,
      method: '_compile',
      native: false
    },
    {
      column: 10,
      file: 'node:internal/modules/cjs/loader',
      function: 'Module._extensions..js',
      line: 1153,
      method: '.js',
      native: false
    },
    {
      column: 32,
      file: 'node:internal/modules/cjs/loader',
      function: 'Module.load',
      line: 981,
      method: 'load',
      native: false
    },
    {
      column: 12,
      file: 'node:internal/modules/cjs/loader',
      function: 'Module._load',
      line: 822,
      method: '_load',
      native: false
    },
    {
      column: 19,
      file: 'node:internal/modules/cjs/loader',
      function: 'Module.require',
      line: 1005,
      method: 'require',
      native: false
    }
  ],
  label: 'appraiselapp',
  timestamp: '2023-02-28T12:17:05.007Z'
}
{
  error: Error: Cannot find module 'socket.io'
  Require stack:
  - C:\appraisel\utils\socket.js
  - C:\appraisel\app.js
      at Function.Module._resolveFilename (node:internal/modules/cjs/loader:933:15)
      at Function.Module._load (node:internal/modules/cjs/loader:778:27)
      at Module.require (node:internal/modules/cjs/loader:1005:19)
      at require (node:internal/modules/cjs/helpers:94:18)
      at Object.<anonymous> (C:\appraisel\utils\socket.js:6:10)
      at Module._compile (node:internal/modules/cjs/loader:1101:14)
      at Object.Module._extensions..js (node:internal/modules/cjs/loader:1153:10)
      at Module.load (node:internal/modules/cjs/loader:981:32)
      at Function.Module._load (node:internal/modules/cjs/loader:822:12)
      at Module.require (node:internal/modules/cjs/loader:1005:19) {
    code: 'MODULE_NOT_FOUND',
    requireStack: [ 'C:\\appraisel\\utils\\socket.js', 'C:\\appraisel\\app.js' ]
  },
  level: 'error',
  message: "uncaughtException: Cannot find module 'socket.io'\n" +
    'Require stack:\n' +
    '- C:\\appraisel\\utils\\socket.js\n' +
    '- C:\\appraisel\\app.js\n' +
    "Error: Cannot find module 'socket.io'\n" +
    'Require stack:\n' +
    '- C:\\appraisel\\utils\\socket.js\n' +
    '- C:\\appraisel\\app.js\n' +
    '    at Function.Module._resolveFilename (node:internal/modules/cjs/loader:933:15)\n' +
    '    at Function.Module._load (node:internal/modules/cjs/loader:778:27)\n' +
    '    at Module.require (node:internal/modules/cjs/loader:1005:19)\n' +
    '    at require (node:internal/modules/cjs/helpers:94:18)\n' +
    '    at Object.<anonymous> (C:\\appraisel\\utils\\socket.js:6:10)\n' +
    '    at Module._compile (node:internal/modules/cjs/loader:1101:14)\n' +
    '    at Object.Module._extensions..js (node:internal/modules/cjs/loader:1153:10)\n' +
    '    at Module.load (node:internal/modules/cjs/loader:981:32)\n' +
    '    at Function.Module._load (node:internal/modules/cjs/loader:822:12)\n' +
    '    at Module.require (node:internal/modules/cjs/loader:1005:19)',
  stack: "Error: Cannot find module 'socket.io'\n" +
    'Require stack:\n' +
    '- C:\\appraisel\\utils\\socket.js\n' +
    '- C:\\appraisel\\app.js\n' +
    '    at Function.Module._resolveFilename (node:internal/modules/cjs/loader:933:15)\n' +
    '    at Function.Module._load (node:internal/modules/cjs/loader:778:27)\n' +
    '    at Module.require (node:internal/modules/cjs/loader:1005:19)\n' +
    '    at require (node:internal/modules/cjs/helpers:94:18)\n' +
    '    at Object.<anonymous> (C:\\appraisel\\utils\\socket.js:6:10)\n' +
    '    at Module._compile (node:internal/modules/cjs/loader:1101:14)\n' +
    '    at Object.Module._extensions..js (node:internal/modules/cjs/loader:1153:10)\n' +
    '    at Module.load (node:internal/modules/cjs/loader:981:32)\n' +
    '    at Function.Module._load (node:internal/modules/cjs/loader:822:12)\n' +
    '    at Module.require (node:internal/modules/cjs/loader:1005:19)',
  exception: true,
  date: 'Tue Feb 28 2023 17:47:50 GMT+0530 (India Standard Time)',
  process: {
    pid: 7980,
    uid: null,
    gid: null,
    cwd: 'C:\\appraisel',
    execPath: 'C:\\Program Files\\nodejs\\node.exe',
    version: 'v16.9.0',
    argv: [ 'C:\\Program Files\\nodejs\\node.exe', 'C:\\appraisel\\app.js' ],
    memoryUsage: {
      rss: 41123840,
      heapTotal: 19292160,
      heapUsed: 12257232,
      external: 2512366,
      arrayBuffers: 264768
    }
  },
  os: { loadavg: [ 0, 0, 0 ], uptime: 539037 },
  trace: [
    {
      column: 15,
      file: 'node:internal/modules/cjs/loader',
      function: 'Module._resolveFilename',
      line: 933,
      method: '_resolveFilename',
      native: false
    },
    {
      column: 27,
      file: 'node:internal/modules/cjs/loader',
      function: 'Module._load',
      line: 778,
      method: '_load',
      native: false
    },
    {
      column: 19,
      file: 'node:internal/modules/cjs/loader',
      function: 'Module.require',
      line: 1005,
      method: 'require',
      native: false
    },
    {
      column: 18,
      file: 'node:internal/modules/cjs/helpers',
      function: 'require',
      line: 94,
      method: null,
      native: false
    },
    {
      column: 10,
      file: 'C:\\appraisel\\utils\\socket.js',
      function: null,
      line: 6,
      method: null,
      native: false
    },
    {
      column: 14,
      file: 'node:internal/modules/cjs/loader',
      function: 'Module._compile',
      line: 1101,
      method: '_compile',
      native: false
    },
    {
      column: 10,
      file: 'node:internal/modules/cjs/loader',
      function: 'Module._extensions..js',
      line: 1153,
      method: '.js',
      native: false
    },
    {
      column: 32,
      file: 'node:internal/modules/cjs/loader',
      function: 'Module.load',
      line: 981,
      method: 'load',
      native: false
    },
    {
      column: 12,
      file: 'node:internal/modules/cjs/loader',
      function: 'Module._load',
      line: 822,
      method: '_load',
      native: false
    },
    {
      column: 19,
      file: 'node:internal/modules/cjs/loader',
      function: 'Module.require',
      line: 1005,
      method: 'require',
      native: false
    }
  ],
  label: 'appraiselapp',
  timestamp: '2023-02-28T12:17:50.582Z'
}
{
  error: Error: Cannot find module 'socket.io'
  Require stack:
  - C:\appraisel\utils\socket.js
  - C:\appraisel\app.js
      at Function.Module._resolveFilename (node:internal/modules/cjs/loader:933:15)
      at Function.Module._load (node:internal/modules/cjs/loader:778:27)
      at Module.require (node:internal/modules/cjs/loader:1005:19)
      at require (node:internal/modules/cjs/helpers:94:18)
      at Object.<anonymous> (C:\appraisel\utils\socket.js:6:10)
      at Module._compile (node:internal/modules/cjs/loader:1101:14)
      at Object.Module._extensions..js (node:internal/modules/cjs/loader:1153:10)
      at Module.load (node:internal/modules/cjs/loader:981:32)
      at Function.Module._load (node:internal/modules/cjs/loader:822:12)
      at Module.require (node:internal/modules/cjs/loader:1005:19) {
    code: 'MODULE_NOT_FOUND',
    requireStack: [ 'C:\\appraisel\\utils\\socket.js', 'C:\\appraisel\\app.js' ]
  },
  level: 'error',
  message: "uncaughtException: Cannot find module 'socket.io'\n" +
    'Require stack:\n' +
    '- C:\\appraisel\\utils\\socket.js\n' +
    '- C:\\appraisel\\app.js\n' +
    "Error: Cannot find module 'socket.io'\n" +
    'Require stack:\n' +
    '- C:\\appraisel\\utils\\socket.js\n' +
    '- C:\\appraisel\\app.js\n' +
    '    at Function.Module._resolveFilename (node:internal/modules/cjs/loader:933:15)\n' +
    '    at Function.Module._load (node:internal/modules/cjs/loader:778:27)\n' +
    '    at Module.require (node:internal/modules/cjs/loader:1005:19)\n' +
    '    at require (node:internal/modules/cjs/helpers:94:18)\n' +
    '    at Object.<anonymous> (C:\\appraisel\\utils\\socket.js:6:10)\n' +
    '    at Module._compile (node:internal/modules/cjs/loader:1101:14)\n' +
    '    at Object.Module._extensions..js (node:internal/modules/cjs/loader:1153:10)\n' +
    '    at Module.load (node:internal/modules/cjs/loader:981:32)\n' +
    '    at Function.Module._load (node:internal/modules/cjs/loader:822:12)\n' +
    '    at Module.require (node:internal/modules/cjs/loader:1005:19)',
  stack: "Error: Cannot find module 'socket.io'\n" +
    'Require stack:\n' +
    '- C:\\appraisel\\utils\\socket.js\n' +
    '- C:\\appraisel\\app.js\n' +
    '    at Function.Module._resolveFilename (node:internal/modules/cjs/loader:933:15)\n' +
    '    at Function.Module._load (node:internal/modules/cjs/loader:778:27)\n' +
    '    at Module.require (node:internal/modules/cjs/loader:1005:19)\n' +
    '    at require (node:internal/modules/cjs/helpers:94:18)\n' +
    '    at Object.<anonymous> (C:\\appraisel\\utils\\socket.js:6:10)\n' +
    '    at Module._compile (node:internal/modules/cjs/loader:1101:14)\n' +
    '    at Object.Module._extensions..js (node:internal/modules/cjs/loader:1153:10)\n' +
    '    at Module.load (node:internal/modules/cjs/loader:981:32)\n' +
    '    at Function.Module._load (node:internal/modules/cjs/loader:822:12)\n' +
    '    at Module.require (node:internal/modules/cjs/loader:1005:19)',
  exception: true,
  date: 'Tue Feb 28 2023 17:47:56 GMT+0530 (India Standard Time)',
  process: {
    pid: 1828,
    uid: null,
    gid: null,
    cwd: 'C:\\appraisel',
    execPath: 'C:\\Program Files\\nodejs\\node.exe',
    version: 'v16.9.0',
    argv: [ 'C:\\Program Files\\nodejs\\node.exe', 'C:\\appraisel\\app.js' ],
    memoryUsage: {
      rss: 41361408,
      heapTotal: 19292160,
      heapUsed: 12324664,
      external: 2512366,
      arrayBuffers: 264768
    }
  },
  os: { loadavg: [ 0, 0, 0 ], uptime: 539042 },
  trace: [
    {
      column: 15,
      file: 'node:internal/modules/cjs/loader',
      function: 'Module._resolveFilename',
      line: 933,
      method: '_resolveFilename',
      native: false
    },
    {
      column: 27,
      file: 'node:internal/modules/cjs/loader',
      function: 'Module._load',
      line: 778,
      method: '_load',
      native: false
    },
    {
      column: 19,
      file: 'node:internal/modules/cjs/loader',
      function: 'Module.require',
      line: 1005,
      method: 'require',
      native: false
    },
    {
      column: 18,
      file: 'node:internal/modules/cjs/helpers',
      function: 'require',
      line: 94,
      method: null,
      native: false
    },
    {
      column: 10,
      file: 'C:\\appraisel\\utils\\socket.js',
      function: null,
      line: 6,
      method: null,
      native: false
    },
    {
      column: 14,
      file: 'node:internal/modules/cjs/loader',
      function: 'Module._compile',
      line: 1101,
      method: '_compile',
      native: false
    },
    {
      column: 10,
      file: 'node:internal/modules/cjs/loader',
      function: 'Module._extensions..js',
      line: 1153,
      method: '.js',
      native: false
    },
    {
      column: 32,
      file: 'node:internal/modules/cjs/loader',
      function: 'Module.load',
      line: 981,
      method: 'load',
      native: false
    },
    {
      column: 12,
      file: 'node:internal/modules/cjs/loader',
      function: 'Module._load',
      line: 822,
      method: '_load',
      native: false
    },
    {
      column: 19,
      file: 'node:internal/modules/cjs/loader',
      function: 'Module.require',
      line: 1005,
      method: 'require',
      native: false
    }
  ],
  label: 'appraiselapp',
  timestamp: '2023-02-28T12:17:56.049Z'
}
